<!DOCTYPE html PUBLIC "-//W3C//DTD XHTML 1.1//EN" "https://www.w3.org/TR/xhtml11/DTD/xhtml11.dtd">
<html xmlns="https://www.w3.org/1999/xhtml">
<head>
<meta http-equiv="content-type" content="text/html; charset=UTF-8"/>
<title>TestNG Report</title>
<style type="text/css">table {margin-bottom:10px;border-collapse:collapse;empty-cells:show}th,td {border:1px solid #009;padding:.25em .5em}th {vertical-align:bottom}td {vertical-align:top}table a {font-weight:bold}.stripe td {background-color: #E6EBF9}.num {text-align:right}.passedodd td {background-color: #3F3}.passedeven td {background-color: #0A0}.skippedodd td {background-color: #DDD}.skippedeven td {background-color: #CCC}.failedodd td,.attn {background-color: #F33}.failedeven td,.stripe .attn {background-color: #D00}.stacktrace {white-space:pre;font-family:monospace}.totop {font-size:85%;text-align:center;border-bottom:2px solid #000}.invisible {display:none}</style>
</head>
<body>
<table>
<tr><th>Test</th><th># Passed</th><th># Skipped</th><th># Retried</th><th># Failed</th><th>Time (ms)</th><th>Included Groups</th><th>Excluded Groups</th></tr>
<tr><th colspan="8">Luma Project</th></tr>
<tr><td><a href="#t0">Integration</a></td><td class="num">16</td><td class="num">0</td><td class="num">0</td><td class="num attn">2</td><td class="num">126,094</td><td></td><td></td></tr>
</table>
<table id='summary'><thead><tr><th>Class</th><th>Method</th><th>Start</th><th>Time (ms)</th></tr></thead><tbody><tr><th colspan="4">Luma Project</th></tr></tbody><tbody id="t0"><tr><th colspan="4">Integration &#8212; failed</th></tr><tr class="failedeven"><td rowspan="2">tests.AddReviewTest</td><td><a href="#m0">addReviews</a></td><td rowspan="1">1720678434221</td><td rowspan="1">10046</td></tr><tr class="failedeven"><td><a href="#m1">searchProductForReview</a></td><td rowspan="1">1720678432697</td><td rowspan="1">1314</td></tr><tr><th colspan="4">Integration &#8212; passed</th></tr><tr class="passedeven"><td rowspan="1">tests.AddToCartTest</td><td><a href="#m2">addProductsToCart</a></td><td rowspan="1">1720678412665</td><td rowspan="1">20027</td></tr><tr class="passedodd"><td rowspan="4">tests.CheckOutTest</td><td><a href="#m3">addProductToCart</a></td><td rowspan="1">1720678362504</td><td rowspan="1">8057</td></tr><tr class="passedodd"><td><a href="#m4">checkOut</a></td><td rowspan="1">1720678370565</td><td rowspan="1">10305</td></tr><tr class="passedodd"><td><a href="#m5">loginForCheckOut</a></td><td rowspan="1">1720678358534</td><td rowspan="1">3961</td></tr><tr class="passedodd"><td><a href="#m6">trackOrder</a></td><td rowspan="1">1720678380874</td><td rowspan="1">9783</td></tr><tr class="passedeven"><td rowspan="3">tests.HoverMenuTest</td><td><a href="#m7">hoverOverGear</a></td><td rowspan="1">1720678450613</td><td rowspan="1">1265</td></tr><tr class="passedeven"><td><a href="#m8">hoverOverMen</a></td><td rowspan="1">1720678444452</td><td rowspan="1">4563</td></tr><tr class="passedeven"><td><a href="#m9">hoverOverWomen</a></td><td rowspan="1">1720678449018</td><td rowspan="1">1595</td></tr><tr class="passedodd"><td rowspan="2">tests.LoginTest</td><td><a href="#m10">loginWithRegisteredAcc</a></td><td rowspan="1">1720678347195</td><td rowspan="1">5414</td></tr><tr class="passedodd"><td><a href="#m11">useForgotPassword</a></td><td rowspan="1">1720678352659</td><td rowspan="1">5836</td></tr><tr class="passedeven"><td rowspan="1">tests.RegistrationTest</td><td><a href="#m12">registerNewUser</a></td><td rowspan="1">1720678338712</td><td rowspan="1">8308</td></tr><tr class="passedodd"><td rowspan="2">tests.SearchTest</td><td><a href="#m13">searchForProduct</a></td><td rowspan="1">1720678451882</td><td rowspan="1">3151</td></tr><tr class="passedodd"><td><a href="#m14">searchUsingAutoSuggest</a></td><td rowspan="1">1720678455038</td><td rowspan="1">3747</td></tr><tr class="passedeven"><td rowspan="3">tests.WishListTest</td><td><a href="#m15">addToWishList</a></td><td rowspan="1">1720678393942</td><td rowspan="1">14547</td></tr><tr class="passedeven"><td><a href="#m16">editWishList</a></td><td rowspan="1">1720678408494</td><td rowspan="1">4165</td></tr><tr class="passedeven"><td><a href="#m17">loginForWishList</a></td><td rowspan="1">1720678390706</td><td rowspan="1">3229</td></tr></tbody>
</table>
<h2>Integration</h2><h3 id="m0">tests.AddReviewTest#addReviews</h3><table class="result"><tr><th>Exception</th></tr><tr><td><div class="stacktrace">org.openqa.selenium.NoSuchElementException: no such element: Unable to locate element: {&quot;method&quot;:&quot;css selector&quot;,&quot;selector&quot;:&quot;#tab\-label\-reviews\-title&quot;}
  (Session info: chrome=126.0.6478.127)
For documentation on this error, please visit: https://www.selenium.dev/documentation/webdriver/troubleshooting/errors#no-such-element-exception
Build info: version: &apos;4.21.0&apos;, revision: &apos;79ed462ef4&apos;
System info: os.name: &apos;Windows 11&apos;, os.arch: &apos;amd64&apos;, os.version: &apos;10.0&apos;, java.version: &apos;22.0.1&apos;
Driver info: org.openqa.selenium.chrome.ChromeDriver
Command: [c282f4ba08e4eed8a43d71b9b1e7a9c5, findElement {using=id, value=tab-label-reviews-title}]
Capabilities {acceptInsecureCerts: true, browserName: chrome, browserVersion: 126.0.6478.127, chrome: {chromedriverVersion: 126.0.6478.62 (b2781ca4c383..., userDataDir: C:\Users\aibra\AppData\Loca...}, fedcm:accounts: true, goog:chromeOptions: {debuggerAddress: localhost:49278}, networkConnectionEnabled: false, pageLoadStrategy: normal, platformName: windows, proxy: Proxy(), se:cdp: ws://localhost:49278/devtoo..., se:cdpVersion: 126.0.6478.127, setWindowRect: true, strictFileInteractability: false, timeouts: {implicit: 0, pageLoad: 300000, script: 30000}, unhandledPromptBehavior: dismiss and notify, webauthn:extension:credBlob: true, webauthn:extension:largeBlob: true, webauthn:extension:minPinLength: true, webauthn:extension:prf: true, webauthn:virtualAuthenticators: true}
Session ID: c282f4ba08e4eed8a43d71b9b1e7a9c5
	at org.openqa.selenium.remote.ErrorCodec.decode(ErrorCodec.java:167)
	at org.openqa.selenium.remote.codec.w3c.W3CHttpResponseCodec.decode(W3CHttpResponseCodec.java:138)
	at org.openqa.selenium.remote.codec.w3c.W3CHttpResponseCodec.decode(W3CHttpResponseCodec.java:50)
	at org.openqa.selenium.remote.HttpCommandExecutor.execute(HttpCommandExecutor.java:190)
	at org.openqa.selenium.remote.service.DriverCommandExecutor.invokeExecute(DriverCommandExecutor.java:216)
	at org.openqa.selenium.remote.service.DriverCommandExecutor.execute(DriverCommandExecutor.java:174)
	at org.openqa.selenium.remote.RemoteWebDriver.execute(RemoteWebDriver.java:518)
	at org.openqa.selenium.remote.ElementLocation$ElementFinder$2.findElement(ElementLocation.java:165)
	at org.openqa.selenium.remote.ElementLocation.findElement(ElementLocation.java:59)
	at org.openqa.selenium.remote.RemoteWebDriver.findElement(RemoteWebDriver.java:355)
	at org.openqa.selenium.remote.RemoteWebDriver.findElement(RemoteWebDriver.java:349)
	at pages.PageBase.click(PageBase.java:22)
	at pages.AddReviewPage.navigateToReview(AddReviewPage.java:38)
	at tests.AddReviewTest.addReviews(AddReviewTest.java:31)
	at java.base/java.util.ArrayList.forEach(ArrayList.java:1597)
	at com.intellij.rt.testng.IDEARemoteTestNG.run(IDEARemoteTestNG.java:65)
	at com.intellij.rt.testng.RemoteTestNGStarter.main(RemoteTestNGStarter.java:105)
... Removed 25 stack frames</div></td></tr></table><p class="totop"><a href="#summary">back to summary</a></p>
<h3 id="m1">tests.AddReviewTest#searchProductForReview</h3><table class="result"><tr><th>Exception</th></tr><tr><td><div class="stacktrace">org.openqa.selenium.ElementClickInterceptedException: element click intercepted: Element &lt;button type=&quot;submit&quot; title=&quot;Search&quot; class=&quot;action search&quot; aria-label=&quot;Search&quot;&gt;...&lt;/button&gt; is not clickable at point (1326, 131). Other element would receive the click: &lt;div class=&quot;header content&quot;&gt;...&lt;/div&gt;
  (Session info: chrome=126.0.6478.127)
Build info: version: &apos;4.21.0&apos;, revision: &apos;79ed462ef4&apos;
System info: os.name: &apos;Windows 11&apos;, os.arch: &apos;amd64&apos;, os.version: &apos;10.0&apos;, java.version: &apos;22.0.1&apos;
Driver info: org.openqa.selenium.chrome.ChromeDriver
Command: [c282f4ba08e4eed8a43d71b9b1e7a9c5, clickElement {id=f.23D597AE650704B94B1D22405BDC3CC7.d.0ADFFD10C7A3701516FC9A1EA399DDD6.e.1953}]
Capabilities {acceptInsecureCerts: true, browserName: chrome, browserVersion: 126.0.6478.127, chrome: {chromedriverVersion: 126.0.6478.62 (b2781ca4c383..., userDataDir: C:\Users\aibra\AppData\Loca...}, fedcm:accounts: true, goog:chromeOptions: {debuggerAddress: localhost:49278}, networkConnectionEnabled: false, pageLoadStrategy: normal, platformName: windows, proxy: Proxy(), se:cdp: ws://localhost:49278/devtoo..., se:cdpVersion: 126.0.6478.127, setWindowRect: true, strictFileInteractability: false, timeouts: {implicit: 0, pageLoad: 300000, script: 30000}, unhandledPromptBehavior: dismiss and notify, webauthn:extension:credBlob: true, webauthn:extension:largeBlob: true, webauthn:extension:minPinLength: true, webauthn:extension:prf: true, webauthn:virtualAuthenticators: true}
Element: [[ChromeDriver: chrome on windows (c282f4ba08e4eed8a43d71b9b1e7a9c5)] -&gt; css selector: button.action.search]
Session ID: c282f4ba08e4eed8a43d71b9b1e7a9c5
	at org.openqa.selenium.remote.ErrorCodec.decode(ErrorCodec.java:167)
	at org.openqa.selenium.remote.codec.w3c.W3CHttpResponseCodec.decode(W3CHttpResponseCodec.java:138)
	at org.openqa.selenium.remote.codec.w3c.W3CHttpResponseCodec.decode(W3CHttpResponseCodec.java:50)
	at org.openqa.selenium.remote.HttpCommandExecutor.execute(HttpCommandExecutor.java:190)
	at org.openqa.selenium.remote.service.DriverCommandExecutor.invokeExecute(DriverCommandExecutor.java:216)
	at org.openqa.selenium.remote.service.DriverCommandExecutor.execute(DriverCommandExecutor.java:174)
	at org.openqa.selenium.remote.RemoteWebDriver.execute(RemoteWebDriver.java:518)
	at org.openqa.selenium.remote.RemoteWebElement.execute(RemoteWebElement.java:223)
	at org.openqa.selenium.remote.RemoteWebElement.click(RemoteWebElement.java:76)
	at pages.PageBase.click(PageBase.java:22)
	at pages.SearchPage.productSearch(SearchPage.java:38)
	at tests.AddReviewTest.searchProductForReview(AddReviewTest.java:24)
	at java.base/java.util.ArrayList.forEach(ArrayList.java:1597)
	at com.intellij.rt.testng.IDEARemoteTestNG.run(IDEARemoteTestNG.java:65)
	at com.intellij.rt.testng.RemoteTestNGStarter.main(RemoteTestNGStarter.java:105)
... Removed 25 stack frames</div></td></tr></table><p class="totop"><a href="#summary">back to summary</a></p>
<h3 id="m2">tests.AddToCartTest#addProductsToCart</h3><table class="result"><tr><th class="invisible"/></tr></table><p class="totop"><a href="#summary">back to summary</a></p>
<h3 id="m3">tests.CheckOutTest#addProductToCart</h3><table class="result"><tr><th class="invisible"/></tr></table><p class="totop"><a href="#summary">back to summary</a></p>
<h3 id="m4">tests.CheckOutTest#checkOut</h3><table class="result"><tr><th class="invisible"/></tr></table><p class="totop"><a href="#summary">back to summary</a></p>
<h3 id="m5">tests.CheckOutTest#loginForCheckOut</h3><table class="result"><tr class="param"><th>Parameter #1</th><th>Parameter #2</th></tr><tr class="param stripe"><td>testuser125@gmail.com</td><td>Ahmed@123</td></tr></table><p class="totop"><a href="#summary">back to summary</a></p>
<h3 id="m6">tests.CheckOutTest#trackOrder</h3><table class="result"><tr><th class="invisible"/></tr></table><p class="totop"><a href="#summary">back to summary</a></p>
<h3 id="m7">tests.HoverMenuTest#hoverOverGear</h3><table class="result"><tr><th class="invisible"/></tr></table><p class="totop"><a href="#summary">back to summary</a></p>
<h3 id="m8">tests.HoverMenuTest#hoverOverMen</h3><table class="result"><tr><th class="invisible"/></tr></table><p class="totop"><a href="#summary">back to summary</a></p>
<h3 id="m9">tests.HoverMenuTest#hoverOverWomen</h3><table class="result"><tr><th class="invisible"/></tr></table><p class="totop"><a href="#summary">back to summary</a></p>
<h3 id="m10">tests.LoginTest#loginWithRegisteredAcc</h3><table class="result"><tr class="param"><th>Parameter #1</th><th>Parameter #2</th><th>Parameter #3</th></tr><tr class="param stripe"><td>Ahmed</td><td>testuser125@gmail.com</td><td>Ahmed@123</td></tr></table><p class="totop"><a href="#summary">back to summary</a></p>
<h3 id="m11">tests.LoginTest#useForgotPassword</h3><table class="result"><tr class="param"><th>Parameter #1</th></tr><tr class="param stripe"><td>testuser125@gmail.com</td></tr></table><p class="totop"><a href="#summary">back to summary</a></p>
<h3 id="m12">tests.RegistrationTest#registerNewUser</h3><table class="result"><tr class="param"><th>Parameter #1</th><th>Parameter #2</th><th>Parameter #3</th><th>Parameter #4</th></tr><tr class="param stripe"><td>Ahmed</td><td>Ibrahim</td><td>testuser125@gmail.com</td><td>Ahmed@123</td></tr></table><p class="totop"><a href="#summary">back to summary</a></p>
<h3 id="m13">tests.SearchTest#searchForProduct</h3><table class="result"><tr><th class="invisible"/></tr></table><p class="totop"><a href="#summary">back to summary</a></p>
<h3 id="m14">tests.SearchTest#searchUsingAutoSuggest</h3><table class="result"><tr><th class="invisible"/></tr></table><p class="totop"><a href="#summary">back to summary</a></p>
<h3 id="m15">tests.WishListTest#addToWishList</h3><table class="result"><tr><th class="invisible"/></tr></table><p class="totop"><a href="#summary">back to summary</a></p>
<h3 id="m16">tests.WishListTest#editWishList</h3><table class="result"><tr><th class="invisible"/></tr></table><p class="totop"><a href="#summary">back to summary</a></p>
<h3 id="m17">tests.WishListTest#loginForWishList</h3><table class="result"><tr class="param"><th>Parameter #1</th><th>Parameter #2</th></tr><tr class="param stripe"><td>testuser125@gmail.com</td><td>Ahmed@123</td></tr></table><p class="totop"><a href="#summary">back to summary</a></p>
</body>
</html>
